TN:
SF:src\App.js
FN:18,App
FN:24,(anonymous_1)
FN:28,(anonymous_2)
FN:33,(anonymous_3)
FN:51,(anonymous_4)
FN:56,(anonymous_5)
FN:63,(anonymous_6)
FN:73,(anonymous_7)
FN:83,(anonymous_8)
FN:89,(anonymous_9)
FN:98,(anonymous_10)
FN:105,(anonymous_11)
FN:109,(anonymous_12)
FN:109,(anonymous_13)
FN:115,(anonymous_14)
FN:125,(anonymous_15)
FN:125,(anonymous_16)
FN:132,(anonymous_17)
FN:135,(anonymous_18)
FN:135,(anonymous_19)
FNF:20
FNH:12
FNDA:31,App
FNDA:10,(anonymous_1)
FNDA:0,(anonymous_2)
FNDA:11,(anonymous_3)
FNDA:11,(anonymous_4)
FNDA:5,(anonymous_5)
FNDA:1,(anonymous_6)
FNDA:4,(anonymous_7)
FNDA:0,(anonymous_8)
FNDA:2,(anonymous_9)
FNDA:1,(anonymous_10)
FNDA:0,(anonymous_11)
FNDA:0,(anonymous_12)
FNDA:0,(anonymous_13)
FNDA:2,(anonymous_14)
FNDA:1,(anonymous_15)
FNDA:1,(anonymous_16)
FNDA:0,(anonymous_17)
FNDA:0,(anonymous_18)
FNDA:0,(anonymous_19)
DA:16,2
DA:19,31
DA:20,31
DA:21,31
DA:22,31
DA:24,31
DA:25,10
DA:28,31
DA:29,0
DA:32,31
DA:34,11
DA:35,6
DA:36,6
DA:38,5
DA:39,5
DA:40,5
DA:41,4
DA:43,1
DA:45,5
DA:51,31
DA:52,11
DA:55,31
DA:57,5
DA:58,5
DA:63,31
DA:64,1
DA:65,1
DA:66,1
DA:68,0
DA:69,0
DA:73,31
DA:74,4
DA:75,4
DA:76,4
DA:78,0
DA:79,0
DA:83,31
DA:84,0
DA:85,0
DA:86,0
DA:89,31
DA:90,2
DA:91,0
DA:92,0
DA:95,2
DA:96,2
DA:97,1
DA:98,1
DA:99,1
DA:101,1
DA:105,31
DA:106,0
DA:107,0
DA:108,0
DA:109,0
DA:111,0
DA:115,31
DA:116,2
DA:117,2
DA:118,1
DA:119,1
DA:122,1
DA:123,1
DA:124,1
DA:125,1
DA:126,1
DA:128,0
DA:132,31
DA:133,0
DA:134,0
DA:135,0
DA:136,0
DA:138,0
DA:142,31
LF:74
LH:53
BRDA:24,0,0,0
BRDA:34,1,0,6
BRDA:34,1,1,5
BRDA:41,2,0,4
BRDA:41,2,1,0
BRDA:58,3,0,5
BRDA:58,3,1,0
BRDA:66,4,0,1
BRDA:66,4,1,0
BRDA:76,5,0,4
BRDA:76,5,1,0
BRDA:90,6,0,0
BRDA:90,6,1,2
BRDA:97,7,0,1
BRDA:97,7,1,0
BRDA:108,8,0,0
BRDA:108,8,1,0
BRDA:109,9,0,0
BRDA:109,9,1,0
BRDA:117,10,0,1
BRDA:117,10,1,1
BRDA:124,11,0,1
BRDA:124,11,1,0
BRDA:125,12,0,1
BRDA:125,12,1,0
BRDA:157,13,0,19
BRDA:157,13,1,12
BRDA:176,14,0,5
BRDA:176,14,1,14
BRF:29
BRH:16
end_of_record
TN:
SF:src\components\RegisterForm.jsx
FN:7,RegisterForm
FN:19,(anonymous_1)
FN:19,(anonymous_2)
FN:20,(anonymous_3)
FN:23,(anonymous_4)
FN:41,(anonymous_5)
FN:57,(anonymous_6)
FN:111,(anonymous_7)
FN:119,(anonymous_8)
FNF:9
FNH:9
FNDA:225,RegisterForm
FNDA:450,(anonymous_1)
FNDA:179,(anonymous_2)
FNDA:179,(anonymous_3)
FNDA:9,(anonymous_4)
FNDA:9,(anonymous_5)
FNDA:7,(anonymous_6)
FNDA:4,(anonymous_7)
FNDA:5,(anonymous_8)
DA:3,3
DA:5,3
DA:13,225
DA:17,225
DA:19,450
DA:20,179
DA:23,225
DA:24,9
DA:25,9
DA:27,9
DA:28,1
DA:29,8
DA:30,1
DA:33,9
DA:34,1
DA:37,9
DA:38,9
DA:41,225
DA:42,9
DA:43,0
DA:46,9
DA:47,9
DA:48,2
DA:51,7
DA:52,7
DA:53,2
DA:54,5
DA:55,5
DA:57,7
DA:60,225
DA:111,4
DA:119,5
LF:32
LH:31
BRDA:10,0,0,74
BRDA:11,1,0,74
BRDA:27,2,0,1
BRDA:27,2,1,8
BRDA:29,3,0,1
BRDA:29,3,1,7
BRDA:33,4,0,1
BRDA:33,4,1,8
BRDA:42,5,0,0
BRDA:42,5,1,9
BRDA:47,6,0,2
BRDA:47,6,1,7
BRDA:52,7,0,2
BRDA:52,7,1,5
BRDA:52,8,0,7
BRDA:52,8,1,2
BRDA:54,9,0,5
BRDA:54,9,1,0
BRDA:54,10,0,5
BRDA:54,10,1,5
BRDA:82,11,0,225
BRDA:82,11,1,2
BRDA:99,12,0,225
BRDA:99,12,1,1
BRF:24
BRH:22
end_of_record
TN:
SF:src\components\Toast.jsx
FN:5,Toast
FN:6,(anonymous_1)
FN:9,(anonymous_2)
FN:15,(anonymous_3)
FNF:4
FNH:4
FNDA:33,Toast
FNDA:18,(anonymous_1)
FNDA:1,(anonymous_2)
FNDA:11,(anonymous_3)
DA:3,3
DA:6,33
DA:7,18
DA:9,11
DA:10,1
DA:11,1
DA:15,11
DA:18,33
DA:19,13
DA:22,20
LF:10
LH:10
BRDA:5,0,0,0
BRDA:7,1,0,7
BRDA:7,1,1,11
BRDA:10,2,0,1
BRDA:10,2,1,0
BRDA:18,3,0,13
BRDA:18,3,1,20
BRF:7
BRH:5
end_of_record
TN:
SF:src\components\TodoForm.jsx
FN:3,TodoForm
FN:7,(anonymous_1)
FN:31,(anonymous_2)
FNF:3
FNH:3
FNDA:70,TodoForm
FNDA:4,(anonymous_1)
FNDA:44,(anonymous_2)
DA:4,70
DA:5,70
DA:7,70
DA:8,4
DA:9,4
DA:11,4
DA:12,1
DA:13,1
DA:16,3
DA:17,3
DA:18,3
DA:20,3
DA:23,70
DA:31,44
LF:14
LH:14
BRDA:3,0,0,20
BRDA:11,1,0,1
BRDA:11,1,1,3
BRDA:17,2,0,3
BRDA:17,2,1,0
BRDA:40,3,0,70
BRDA:40,3,1,1
BRF:7
BRH:6
end_of_record
TN:
SF:src\components\TodoItem.jsx
FN:3,TodoItem
FN:7,(anonymous_1)
FN:11,(anonymous_2)
FN:15,(anonymous_3)
FN:20,(anonymous_4)
FN:39,(anonymous_5)
FN:45,(anonymous_6)
FN:80,(anonymous_7)
FNF:8
FNH:7
FNDA:13,TodoItem
FNDA:5,(anonymous_1)
FNDA:2,(anonymous_2)
FNDA:0,(anonymous_3)
FNDA:2,(anonymous_4)
FNDA:1,(anonymous_5)
FNDA:2,(anonymous_6)
FNDA:1,(anonymous_7)
DA:4,13
DA:5,13
DA:7,13
DA:8,5
DA:11,13
DA:12,2
DA:15,13
DA:16,0
DA:17,0
DA:20,13
DA:21,2
DA:22,2
DA:23,2
DA:25,2
DA:26,1
DA:27,1
DA:28,1
DA:30,1
DA:33,13
DA:39,1
DA:45,2
DA:80,1
LF:22
LH:20
BRDA:22,0,0,2
BRDA:22,0,1,0
BRDA:25,1,0,1
BRDA:25,1,1,1
BRDA:42,2,0,6
BRDA:42,2,1,7
BRDA:50,3,0,0
BRDA:50,3,1,7
BRDA:56,4,0,6
BRDA:56,4,1,7
BRF:10
BRH:8
end_of_record
TN:
SF:src\components\TodoList.jsx
FN:4,TodoList
FN:11,(anonymous_1)
FNF:2
FNH:2
FNDA:16,TodoList
FNDA:6,(anonymous_1)
DA:5,16
DA:6,10
DA:9,6
DA:12,6
LF:4
LH:4
BRDA:5,0,0,10
BRDA:5,0,1,6
BRF:2
BRH:2
end_of_record
TN:
SF:src\services\api.js
FN:3,handleResponse
FN:6,(anonymous_1)
FN:16,registerUser
FN:25,loginUser
FN:34,getTodos
FN:43,createTodo
FN:52,updateTodo
FN:61,deleteTodo
FNF:8
FNH:7
FNDA:7,handleResponse
FNDA:0,(anonymous_1)
FNDA:1,registerUser
FNDA:1,loginUser
FNDA:1,getTodos
FNDA:2,createTodo
FNDA:1,updateTodo
FNDA:1,deleteTodo
DA:1,4
DA:4,7
DA:5,7
DA:6,7
DA:8,7
DA:9,2
DA:10,2
DA:13,5
DA:17,1
DA:22,1
DA:26,1
DA:31,1
DA:35,1
DA:36,1
DA:37,1
DA:39,1
DA:40,1
DA:44,2
DA:49,2
DA:53,1
DA:58,1
DA:62,1
DA:65,1
LF:23
LH:23
BRDA:1,0,0,4
BRDA:1,0,1,4
BRDA:4,1,0,7
BRDA:4,1,1,0
BRDA:6,2,0,6
BRDA:6,2,1,1
BRDA:8,3,0,2
BRDA:8,3,1,5
BRDA:9,4,0,2
BRDA:9,4,1,1
BRDA:36,5,0,1
BRDA:36,5,1,0
BRF:12
BRH:10
end_of_record
