mode: set
github.com/ignaciomagoia/tp6ingdesoft/backend/main.go:13.13,17.20 3 0
github.com/ignaciomagoia/tp6ingdesoft/backend/main.go:17.20,19.3 1 0
github.com/ignaciomagoia/tp6ingdesoft/backend/main.go:21.2,22.18 2 0
github.com/ignaciomagoia/tp6ingdesoft/backend/main.go:22.18,24.3 1 0
github.com/ignaciomagoia/tp6ingdesoft/backend/main.go:26.2,27.16 2 0
github.com/ignaciomagoia/tp6ingdesoft/backend/main.go:27.16,29.3 1 0
github.com/ignaciomagoia/tp6ingdesoft/backend/main.go:30.2,30.15 1 0
github.com/ignaciomagoia/tp6ingdesoft/backend/main.go:30.15,32.3 1 0
github.com/ignaciomagoia/tp6ingdesoft/backend/main.go:34.2,48.16 10 0
github.com/ignaciomagoia/tp6ingdesoft/backend/main.go:48.16,50.3 1 0
github.com/ignaciomagoia/tp6ingdesoft/backend/main.go:52.2,52.47 1 0
github.com/ignaciomagoia/tp6ingdesoft/backend/main.go:52.47,54.3 1 0
github.com/ignaciomagoia/tp6ingdesoft/backend/internal/handlers/auth_handler.go:18.63,20.2 1 1
github.com/ignaciomagoia/tp6ingdesoft/backend/internal/handlers/auth_handler.go:28.48,30.51 2 1
github.com/ignaciomagoia/tp6ingdesoft/backend/internal/handlers/auth_handler.go:30.51,33.3 2 0
github.com/ignaciomagoia/tp6ingdesoft/backend/internal/handlers/auth_handler.go:35.2,39.9 2 1
github.com/ignaciomagoia/tp6ingdesoft/backend/internal/handlers/auth_handler.go:40.18,41.79 1 1
github.com/ignaciomagoia/tp6ingdesoft/backend/internal/handlers/auth_handler.go:42.52,43.80 1 0
github.com/ignaciomagoia/tp6ingdesoft/backend/internal/handlers/auth_handler.go:44.53,45.67 1 1
github.com/ignaciomagoia/tp6ingdesoft/backend/internal/handlers/auth_handler.go:46.10,47.87 1 0
github.com/ignaciomagoia/tp6ingdesoft/backend/internal/handlers/auth_handler.go:57.45,59.51 2 1
github.com/ignaciomagoia/tp6ingdesoft/backend/internal/handlers/auth_handler.go:59.51,62.3 2 0
github.com/ignaciomagoia/tp6ingdesoft/backend/internal/handlers/auth_handler.go:64.2,65.9 2 1
github.com/ignaciomagoia/tp6ingdesoft/backend/internal/handlers/auth_handler.go:66.18,67.59 1 1
github.com/ignaciomagoia/tp6ingdesoft/backend/internal/handlers/auth_handler.go:68.54,69.76 1 1
github.com/ignaciomagoia/tp6ingdesoft/backend/internal/handlers/auth_handler.go:70.10,71.80 1 0
github.com/ignaciomagoia/tp6ingdesoft/backend/internal/handlers/auth_handler.go:76.49,78.16 2 1
github.com/ignaciomagoia/tp6ingdesoft/backend/internal/handlers/auth_handler.go:78.16,81.3 2 0
github.com/ignaciomagoia/tp6ingdesoft/backend/internal/handlers/auth_handler.go:82.2,82.46 1 1
github.com/ignaciomagoia/tp6ingdesoft/backend/internal/handlers/auth_handler.go:86.50,87.59 1 1
github.com/ignaciomagoia/tp6ingdesoft/backend/internal/handlers/auth_handler.go:87.59,90.3 2 0
github.com/ignaciomagoia/tp6ingdesoft/backend/internal/handlers/auth_handler.go:92.2,92.64 1 1
github.com/ignaciomagoia/tp6ingdesoft/backend/internal/handlers/routes.go:16.87,20.23 3 1
github.com/ignaciomagoia/tp6ingdesoft/backend/internal/handlers/routes.go:20.23,22.3 1 1
github.com/ignaciomagoia/tp6ingdesoft/backend/internal/handlers/routes.go:24.2,32.46 3 1
github.com/ignaciomagoia/tp6ingdesoft/backend/internal/handlers/routes.go:32.46,34.3 1 1
github.com/ignaciomagoia/tp6ingdesoft/backend/internal/handlers/routes.go:36.2,47.15 10 1
github.com/ignaciomagoia/tp6ingdesoft/backend/internal/handlers/todo_handler.go:18.63,20.2 1 1
github.com/ignaciomagoia/tp6ingdesoft/backend/internal/handlers/todo_handler.go:23.49,26.16 3 1
github.com/ignaciomagoia/tp6ingdesoft/backend/internal/handlers/todo_handler.go:26.16,29.3 2 0
github.com/ignaciomagoia/tp6ingdesoft/backend/internal/handlers/todo_handler.go:31.2,31.46 1 1
github.com/ignaciomagoia/tp6ingdesoft/backend/internal/handlers/todo_handler.go:40.50,42.51 2 1
github.com/ignaciomagoia/tp6ingdesoft/backend/internal/handlers/todo_handler.go:42.51,45.3 2 0
github.com/ignaciomagoia/tp6ingdesoft/backend/internal/handlers/todo_handler.go:47.2,48.9 2 1
github.com/ignaciomagoia/tp6ingdesoft/backend/internal/handlers/todo_handler.go:49.18,50.50 1 1
github.com/ignaciomagoia/tp6ingdesoft/backend/internal/handlers/todo_handler.go:51.52,52.81 1 1
github.com/ignaciomagoia/tp6ingdesoft/backend/internal/handlers/todo_handler.go:53.10,54.81 1 0
github.com/ignaciomagoia/tp6ingdesoft/backend/internal/handlers/todo_handler.go:64.50,68.51 3 1
github.com/ignaciomagoia/tp6ingdesoft/backend/internal/handlers/todo_handler.go:68.51,71.3 2 0
github.com/ignaciomagoia/tp6ingdesoft/backend/internal/handlers/todo_handler.go:73.2,77.9 2 1
github.com/ignaciomagoia/tp6ingdesoft/backend/internal/handlers/todo_handler.go:78.18,79.45 1 1
github.com/ignaciomagoia/tp6ingdesoft/backend/internal/handlers/todo_handler.go:80.52,81.72 1 0
github.com/ignaciomagoia/tp6ingdesoft/backend/internal/handlers/todo_handler.go:82.49,83.63 1 1
github.com/ignaciomagoia/tp6ingdesoft/backend/internal/handlers/todo_handler.go:84.44,85.69 1 0
github.com/ignaciomagoia/tp6ingdesoft/backend/internal/handlers/todo_handler.go:86.10,87.86 1 0
github.com/ignaciomagoia/tp6ingdesoft/backend/internal/handlers/todo_handler.go:92.50,96.9 3 1
github.com/ignaciomagoia/tp6ingdesoft/backend/internal/handlers/todo_handler.go:97.18,98.61 1 1
github.com/ignaciomagoia/tp6ingdesoft/backend/internal/handlers/todo_handler.go:99.49,100.63 1 1
github.com/ignaciomagoia/tp6ingdesoft/backend/internal/handlers/todo_handler.go:101.44,102.69 1 0
github.com/ignaciomagoia/tp6ingdesoft/backend/internal/handlers/todo_handler.go:103.10,104.84 1 0
github.com/ignaciomagoia/tp6ingdesoft/backend/internal/handlers/todo_handler.go:109.50,111.66 2 1
github.com/ignaciomagoia/tp6ingdesoft/backend/internal/handlers/todo_handler.go:111.66,114.3 2 0
github.com/ignaciomagoia/tp6ingdesoft/backend/internal/handlers/todo_handler.go:116.2,116.62 1 1
github.com/ignaciomagoia/tp6ingdesoft/backend/internal/services/db.go:18.75,21.16 3 1
github.com/ignaciomagoia/tp6ingdesoft/backend/internal/services/db.go:21.16,23.3 1 0
github.com/ignaciomagoia/tp6ingdesoft/backend/internal/services/db.go:25.2,28.42 3 1
github.com/ignaciomagoia/tp6ingdesoft/backend/internal/services/db.go:28.42,30.3 1 0
github.com/ignaciomagoia/tp6ingdesoft/backend/internal/services/db.go:32.2,32.44 1 1
github.com/ignaciomagoia/tp6ingdesoft/backend/internal/services/db.go:32.44,35.3 2 1
github.com/ignaciomagoia/tp6ingdesoft/backend/internal/services/db.go:37.2,37.20 1 0
github.com/ignaciomagoia/tp6ingdesoft/backend/internal/services/models.go:21.37,23.2 1 1
github.com/ignaciomagoia/tp6ingdesoft/backend/internal/services/models.go:44.41,52.2 1 1
github.com/ignaciomagoia/tp6ingdesoft/backend/internal/services/todo_service.go:42.80,44.2 1 1
github.com/ignaciomagoia/tp6ingdesoft/backend/internal/services/todo_service.go:47.87,49.17 2 1
github.com/ignaciomagoia/tp6ingdesoft/backend/internal/services/todo_service.go:49.17,51.3 1 1
github.com/ignaciomagoia/tp6ingdesoft/backend/internal/services/todo_service.go:53.2,54.16 2 1
github.com/ignaciomagoia/tp6ingdesoft/backend/internal/services/todo_service.go:54.16,56.3 1 0
github.com/ignaciomagoia/tp6ingdesoft/backend/internal/services/todo_service.go:57.2,60.48 3 1
github.com/ignaciomagoia/tp6ingdesoft/backend/internal/services/todo_service.go:60.48,62.3 1 0
github.com/ignaciomagoia/tp6ingdesoft/backend/internal/services/todo_service.go:63.2,63.19 1 1
github.com/ignaciomagoia/tp6ingdesoft/backend/internal/services/todo_service.go:67.84,69.16 2 1
github.com/ignaciomagoia/tp6ingdesoft/backend/internal/services/todo_service.go:69.16,71.3 1 0
github.com/ignaciomagoia/tp6ingdesoft/backend/internal/services/todo_service.go:72.2,72.56 1 1
github.com/ignaciomagoia/tp6ingdesoft/backend/internal/services/todo_service.go:72.56,74.3 1 1
github.com/ignaciomagoia/tp6ingdesoft/backend/internal/services/todo_service.go:75.2,75.18 1 1
github.com/ignaciomagoia/tp6ingdesoft/backend/internal/services/todo_service.go:79.115,81.25 2 1
github.com/ignaciomagoia/tp6ingdesoft/backend/internal/services/todo_service.go:81.25,83.3 1 1
github.com/ignaciomagoia/tp6ingdesoft/backend/internal/services/todo_service.go:84.2,84.29 1 1
github.com/ignaciomagoia/tp6ingdesoft/backend/internal/services/todo_service.go:84.29,86.3 1 1
github.com/ignaciomagoia/tp6ingdesoft/backend/internal/services/todo_service.go:88.2,96.42 3 1
github.com/ignaciomagoia/tp6ingdesoft/backend/internal/services/todo_service.go:96.42,97.43 1 0
github.com/ignaciomagoia/tp6ingdesoft/backend/internal/services/todo_service.go:97.43,99.4 1 0
github.com/ignaciomagoia/tp6ingdesoft/backend/internal/services/todo_service.go:100.3,100.21 1 0
github.com/ignaciomagoia/tp6ingdesoft/backend/internal/services/todo_service.go:102.2,102.18 1 1
github.com/ignaciomagoia/tp6ingdesoft/backend/internal/services/todo_service.go:106.88,108.16 2 1
github.com/ignaciomagoia/tp6ingdesoft/backend/internal/services/todo_service.go:108.16,110.3 1 0
github.com/ignaciomagoia/tp6ingdesoft/backend/internal/services/todo_service.go:111.2,111.27 1 1
github.com/ignaciomagoia/tp6ingdesoft/backend/internal/services/todo_service.go:111.27,113.3 1 0
github.com/ignaciomagoia/tp6ingdesoft/backend/internal/services/todo_service.go:114.2,114.12 1 1
github.com/ignaciomagoia/tp6ingdesoft/backend/internal/services/todo_service.go:118.78,120.17 2 1
github.com/ignaciomagoia/tp6ingdesoft/backend/internal/services/todo_service.go:120.17,122.3 1 1
github.com/ignaciomagoia/tp6ingdesoft/backend/internal/services/todo_service.go:123.2,124.12 2 1
github.com/ignaciomagoia/tp6ingdesoft/backend/internal/services/todo_service.go:134.77,135.16 1 1
github.com/ignaciomagoia/tp6ingdesoft/backend/internal/services/todo_service.go:135.16,137.3 1 0
github.com/ignaciomagoia/tp6ingdesoft/backend/internal/services/todo_service.go:138.2,138.43 1 1
github.com/ignaciomagoia/tp6ingdesoft/backend/internal/services/todo_service.go:142.87,146.16 3 1
github.com/ignaciomagoia/tp6ingdesoft/backend/internal/services/todo_service.go:146.16,148.3 1 0
github.com/ignaciomagoia/tp6ingdesoft/backend/internal/services/todo_service.go:150.2,151.29 2 1
github.com/ignaciomagoia/tp6ingdesoft/backend/internal/services/todo_service.go:151.29,153.3 1 1
github.com/ignaciomagoia/tp6ingdesoft/backend/internal/services/todo_service.go:154.2,154.23 1 1
github.com/ignaciomagoia/tp6ingdesoft/backend/internal/services/todo_service.go:158.94,162.32 3 1
github.com/ignaciomagoia/tp6ingdesoft/backend/internal/services/todo_service.go:162.32,164.3 1 1
github.com/ignaciomagoia/tp6ingdesoft/backend/internal/services/todo_service.go:166.2,174.16 3 1
github.com/ignaciomagoia/tp6ingdesoft/backend/internal/services/todo_service.go:174.16,176.3 1 0
github.com/ignaciomagoia/tp6ingdesoft/backend/internal/services/todo_service.go:178.2,178.34 1 1
github.com/ignaciomagoia/tp6ingdesoft/backend/internal/services/todo_service.go:182.103,183.52 1 1
github.com/ignaciomagoia/tp6ingdesoft/backend/internal/services/todo_service.go:183.52,185.3 1 1
github.com/ignaciomagoia/tp6ingdesoft/backend/internal/services/todo_service.go:187.2,188.16 2 1
github.com/ignaciomagoia/tp6ingdesoft/backend/internal/services/todo_service.go:188.16,190.3 1 1
github.com/ignaciomagoia/tp6ingdesoft/backend/internal/services/todo_service.go:192.2,192.25 1 1
github.com/ignaciomagoia/tp6ingdesoft/backend/internal/services/todo_service.go:192.25,194.18 2 1
github.com/ignaciomagoia/tp6ingdesoft/backend/internal/services/todo_service.go:194.18,196.4 1 0
github.com/ignaciomagoia/tp6ingdesoft/backend/internal/services/todo_service.go:197.3,197.24 1 1
github.com/ignaciomagoia/tp6ingdesoft/backend/internal/services/todo_service.go:200.2,201.16 2 1
github.com/ignaciomagoia/tp6ingdesoft/backend/internal/services/todo_service.go:201.16,203.3 1 0
github.com/ignaciomagoia/tp6ingdesoft/backend/internal/services/todo_service.go:205.2,205.34 1 1
github.com/ignaciomagoia/tp6ingdesoft/backend/internal/services/todo_service.go:209.68,211.16 2 1
github.com/ignaciomagoia/tp6ingdesoft/backend/internal/services/todo_service.go:211.16,213.3 1 1
github.com/ignaciomagoia/tp6ingdesoft/backend/internal/services/todo_service.go:214.2,214.34 1 1
github.com/ignaciomagoia/tp6ingdesoft/backend/internal/services/todo_service.go:218.70,221.2 2 1
github.com/ignaciomagoia/tp6ingdesoft/backend/internal/services/user_service.go:36.80,38.2 1 1
github.com/ignaciomagoia/tp6ingdesoft/backend/internal/services/user_service.go:41.92,44.42 3 1
github.com/ignaciomagoia/tp6ingdesoft/backend/internal/services/user_service.go:44.42,46.3 1 1
github.com/ignaciomagoia/tp6ingdesoft/backend/internal/services/user_service.go:47.2,47.18 1 1
github.com/ignaciomagoia/tp6ingdesoft/backend/internal/services/user_service.go:51.76,54.2 2 1
github.com/ignaciomagoia/tp6ingdesoft/backend/internal/services/user_service.go:57.73,59.16 2 1
github.com/ignaciomagoia/tp6ingdesoft/backend/internal/services/user_service.go:59.16,61.3 1 0
github.com/ignaciomagoia/tp6ingdesoft/backend/internal/services/user_service.go:62.2,65.48 3 1
github.com/ignaciomagoia/tp6ingdesoft/backend/internal/services/user_service.go:65.48,67.3 1 0
github.com/ignaciomagoia/tp6ingdesoft/backend/internal/services/user_service.go:68.2,68.19 1 1
github.com/ignaciomagoia/tp6ingdesoft/backend/internal/services/user_service.go:72.64,75.2 2 1
github.com/ignaciomagoia/tp6ingdesoft/backend/internal/services/user_service.go:83.55,85.2 1 1
github.com/ignaciomagoia/tp6ingdesoft/backend/internal/services/user_service.go:88.70,92.45 3 1
github.com/ignaciomagoia/tp6ingdesoft/backend/internal/services/user_service.go:92.45,94.3 1 0
github.com/ignaciomagoia/tp6ingdesoft/backend/internal/services/user_service.go:96.2,97.16 2 1
github.com/ignaciomagoia/tp6ingdesoft/backend/internal/services/user_service.go:97.16,99.3 1 1
github.com/ignaciomagoia/tp6ingdesoft/backend/internal/services/user_service.go:100.2,100.34 1 1
github.com/ignaciomagoia/tp6ingdesoft/backend/internal/services/user_service.go:100.34,102.3 1 0
github.com/ignaciomagoia/tp6ingdesoft/backend/internal/services/user_service.go:104.2,104.33 1 1
github.com/ignaciomagoia/tp6ingdesoft/backend/internal/services/user_service.go:108.80,112.35 3 1
github.com/ignaciomagoia/tp6ingdesoft/backend/internal/services/user_service.go:112.35,114.3 1 1
github.com/ignaciomagoia/tp6ingdesoft/backend/internal/services/user_service.go:116.2,117.16 2 1
github.com/ignaciomagoia/tp6ingdesoft/backend/internal/services/user_service.go:117.16,118.34 1 0
github.com/ignaciomagoia/tp6ingdesoft/backend/internal/services/user_service.go:118.34,120.4 1 0
github.com/ignaciomagoia/tp6ingdesoft/backend/internal/services/user_service.go:121.3,121.13 1 0
github.com/ignaciomagoia/tp6ingdesoft/backend/internal/services/user_service.go:123.2,123.31 1 1
github.com/ignaciomagoia/tp6ingdesoft/backend/internal/services/user_service.go:123.31,125.3 1 1
github.com/ignaciomagoia/tp6ingdesoft/backend/internal/services/user_service.go:126.2,126.12 1 1
github.com/ignaciomagoia/tp6ingdesoft/backend/internal/services/user_service.go:130.71,132.16 2 1
github.com/ignaciomagoia/tp6ingdesoft/backend/internal/services/user_service.go:132.16,134.3 1 0
github.com/ignaciomagoia/tp6ingdesoft/backend/internal/services/user_service.go:136.2,137.26 2 1
github.com/ignaciomagoia/tp6ingdesoft/backend/internal/services/user_service.go:137.26,139.3 1 1
github.com/ignaciomagoia/tp6ingdesoft/backend/internal/services/user_service.go:140.2,140.20 1 1
github.com/ignaciomagoia/tp6ingdesoft/backend/internal/services/user_service.go:144.56,146.2 1 1
github.com/ignaciomagoia/tp6ingdesoft/backend/internal/services/utils.go:6.42,8.2 1 1
github.com/ignaciomagoia/tp6ingdesoft/backend/internal/services/utils.go:11.41,13.2 1 1
